# JRE version: OpenJDK Runtime Environment (7.0_65-b32) (build 1.7.0_65-b32)
# Java VM: OpenJDK 64-Bit Server VM (24.65-b04 mixed mode linux-amd64 compressed oops)
Heap
 PSYoungGen      total 14336K, used 14311K [0x00000000ec900000, 0x00000000ee380000, 0x0000000100000000)
  eden space 12288K, 100% used [0x00000000ec900000,0x00000000ed500000,0x00000000ed500000)
  from space 2048K, 98% used [0x00000000eda80000,0x00000000edc79c80,0x00000000edc80000)
  to   space 5632K, 0% used [0x00000000ed500000,0x00000000ed500000,0x00000000eda80000)
 ParOldGen       total 39424K, used 5411K [0x00000000c5c00000, 0x00000000c8280000, 0x00000000ec900000)
  object space 39424K, 13% used [0x00000000c5c00000,0x00000000c6148c70,0x00000000c8280000)
 PSPermGen       total 31744K, used 21303K [0x00000000bb600000, 0x00000000bd500000, 0x00000000c5c00000)
  object space 31744K, 67% used [0x00000000bb600000,0x00000000bcacdc60,0x00000000bd500000)
GC Heap History (10 events):
Event: 3,272 GC heap before
{Heap before GC invocations=3 (full 0):
 PSYoungGen      total 17920K, used 8924K [0x00000000ec900000, 0x00000000edc80000, 0x0000000100000000)
  eden space 15872K, 43% used [0x00000000ec900000,0x00000000ecfb7240,0x00000000ed880000)
  from space 2048K, 100% used [0x00000000eda80000,0x00000000edc80000,0x00000000edc80000)
  to   space 2048K, 0% used [0x00000000ed880000,0x00000000ed880000,0x00000000eda80000)
 ParOldGen       total 39424K, used 4207K [0x00000000c5c00000, 0x00000000c8280000, 0x00000000ec900000)
  object space 39424K, 10% used [0x00000000c5c00000,0x00000000c601bc20,0x00000000c8280000)
 PSPermGen       total 21504K, used 15844K [0x00000000bb600000, 0x00000000bcb00000, 0x00000000c5c00000)
  object space 21504K, 73% used [0x00000000bb600000,0x00000000bc5790d0,0x00000000bcb00000)
Event: 3,281 GC heap after
Heap after GC invocations=3 (full 0):
 PSYoungGen      total 17920K, used 2032K [0x00000000ec900000, 0x00000000edc80000, 0x0000000100000000)
  eden space 15872K, 0% used [0x00000000ec900000,0x00000000ec900000,0x00000000ed880000)
  from space 2048K, 99% used [0x00000000ed880000,0x00000000eda7c010,0x00000000eda80000)
  to   space 2048K, 0% used [0x00000000eda80000,0x00000000eda80000,0x00000000edc80000)
 ParOldGen       total 39424K, used 5540K [0x00000000c5c00000, 0x00000000c8280000, 0x00000000ec900000)
  object space 39424K, 14% used [0x00000000c5c00000,0x00000000c6169020,0x00000000c8280000)
 PSPermGen       total 21504K, used 15844K [0x00000000bb600000, 0x00000000bcb00000, 0x00000000c5c00000)
  object space 21504K, 73% used [0x00000000bb600000,0x00000000bc5790d0,0x00000000bcb00000)
}
Event: 3,281 GC heap before
{Heap before GC invocations=4 (full 1):
 PSYoungGen      total 17920K, used 2032K [0x00000000ec900000, 0x00000000edc80000, 0x0000000100000000)
  eden space 15872K, 0% used [0x00000000ec900000,0x00000000ec900000,0x00000000ed880000)
  from space 2048K, 99% used [0x00000000ed880000,0x00000000eda7c010,0x00000000eda80000)
  to   space 2048K, 0% used [0x00000000eda80000,0x00000000eda80000,0x00000000edc80000)
 ParOldGen       total 39424K, used 5540K [0x00000000c5c00000, 0x00000000c8280000, 0x00000000ec900000)
  object space 39424K, 14% used [0x00000000c5c00000,0x00000000c6169020,0x00000000c8280000)
 PSPermGen       total 21504K, used 15844K [0x00000000bb600000, 0x00000000bcb00000, 0x00000000c5c00000)
  object space 21504K, 73% used [0x00000000bb600000,0x00000000bc5790d0,0x00000000bcb00000)
Event: 3,320 GC heap after
Heap after GC invocations=4 (full 1):
 PSYoungGen      total 17920K, used 0K [0x00000000ec900000, 0x00000000edc80000, 0x0000000100000000)
  eden space 15872K, 0% used [0x00000000ec900000,0x00000000ec900000,0x00000000ed880000)
  from space 2048K, 0% used [0x00000000ed880000,0x00000000ed880000,0x00000000eda80000)
  to   space 2048K, 0% used [0x00000000eda80000,0x00000000eda80000,0x00000000edc80000)
 ParOldGen       total 39424K, used 3980K [0x00000000c5c00000, 0x00000000c8280000, 0x00000000ec900000)
  object space 39424K, 10% used [0x00000000c5c00000,0x00000000c5fe31f8,0x00000000c8280000)
 PSPermGen       total 31744K, used 15839K [0x00000000bb600000, 0x00000000bd500000, 0x00000000c5c00000)
  object space 31744K, 49% used [0x00000000bb600000,0x00000000bc577e40,0x00000000bd500000)
}
Event: 432,331 GC heap before
{Heap before GC invocations=5 (full 1):
 PSYoungGen      total 17920K, used 15872K [0x00000000ec900000, 0x00000000edc80000, 0x0000000100000000)
  eden space 15872K, 100% used [0x00000000ec900000,0x00000000ed880000,0x00000000ed880000)
  from space 2048K, 0% used [0x00000000ed880000,0x00000000ed880000,0x00000000eda80000)
  to   space 2048K, 0% used [0x00000000eda80000,0x00000000eda80000,0x00000000edc80000)
 ParOldGen       total 39424K, used 3980K [0x00000000c5c00000, 0x00000000c8280000, 0x00000000ec900000)
  object space 39424K, 10% used [0x00000000c5c00000,0x00000000c5fe31f8,0x00000000c8280000)
 PSPermGen       total 31744K, used 18048K [0x00000000bb600000, 0x00000000bd500000, 0x00000000c5c00000)
  object space 31744K, 56% used [0x00000000bb600000,0x00000000bc7a0240,0x00000000bd500000)
Event: 432,335 GC heap after
Heap after GC invocations=5 (full 1):
 PSYoungGen      total 17920K, used 1987K [0x00000000ec900000, 0x00000000edc80000, 0x0000000100000000)
  eden space 15872K, 0% used [0x00000000ec900000,0x00000000ec900000,0x00000000ed880000)
  from space 2048K, 97% used [0x00000000eda80000,0x00000000edc70f00,0x00000000edc80000)
  to   space 2048K, 0% used [0x00000000ed880000,0x00000000ed880000,0x00000000eda80000)
 ParOldGen       total 39424K, used 3980K [0x00000000c5c00000, 0x00000000c8280000, 0x00000000ec900000)
  object space 39424K, 10% used [0x00000000c5c00000,0x00000000c5fe31f8,0x00000000c8280000)
 PSPermGen       total 31744K, used 18048K [0x00000000bb600000, 0x00000000bd500000, 0x00000000c5c00000)
  object space 31744K, 56% used [0x00000000bb600000,0x00000000bc7a0240,0x00000000bd500000)
}
Event: 1393,577 GC heap before
{Heap before GC invocations=6 (full 1):
 PSYoungGen      total 17920K, used 17859K [0x00000000ec900000, 0x00000000edc80000, 0x0000000100000000)
  eden space 15872K, 100% used [0x00000000ec900000,0x00000000ed880000,0x00000000ed880000)
  from space 2048K, 97% used [0x00000000eda80000,0x00000000edc70f00,0x00000000edc80000)
  to   space 2048K, 0% used [0x00000000ed880000,0x00000000ed880000,0x00000000eda80000)
 ParOldGen       total 39424K, used 3980K [0x00000000c5c00000, 0x00000000c8280000, 0x00000000ec900000)
  object space 39424K, 10% used [0x00000000c5c00000,0x00000000c5fe31f8,0x00000000c8280000)
 PSPermGen       total 31744K, used 18301K [0x00000000bb600000, 0x00000000bd500000, 0x00000000c5c00000)
  object space 31744K, 57% used [0x00000000bb600000,0x00000000bc7df550,0x00000000bd500000)
Event: 1393,579 GC heap after
Heap after GC invocations=6 (full 1):
 PSYoungGen      total 17920K, used 1344K [0x00000000ec900000, 0x00000000edc80000, 0x0000000100000000)
  eden space 15872K, 0% used [0x00000000ec900000,0x00000000ec900000,0x00000000ed880000)
  from space 2048K, 65% used [0x00000000ed880000,0x00000000ed9d0000,0x00000000eda80000)
  to   space 2048K, 0% used [0x00000000eda80000,0x00000000eda80000,0x00000000edc80000)
 ParOldGen       total 39424K, used 3988K [0x00000000c5c00000, 0x00000000c8280000, 0x00000000ec900000)
  object space 39424K, 10% used [0x00000000c5c00000,0x00000000c5fe51f8,0x00000000c8280000)
 PSPermGen       total 31744K, used 18301K [0x00000000bb600000, 0x00000000bd500000, 0x00000000c5c00000)
  object space 31744K, 57% used [0x00000000bb600000,0x00000000bc7df550,0x00000000bd500000)
}
Event: 1463,872 GC heap before
{Heap before GC invocations=7 (full 1):
 PSYoungGen      total 17920K, used 17216K [0x00000000ec900000, 0x00000000edc80000, 0x0000000100000000)
  eden space 15872K, 100% used [0x00000000ec900000,0x00000000ed880000,0x00000000ed880000)
  from space 2048K, 65% used [0x00000000ed880000,0x00000000ed9d0000,0x00000000eda80000)
  to   space 2048K, 0% used [0x00000000eda80000,0x00000000eda80000,0x00000000edc80000)
 ParOldGen       total 39424K, used 3988K [0x00000000c5c00000, 0x00000000c8280000, 0x00000000ec900000)
  object space 39424K, 10% used [0x00000000c5c00000,0x00000000c5fe51f8,0x00000000c8280000)
 PSPermGen       total 31744K, used 20847K [0x00000000bb600000, 0x00000000bd500000, 0x00000000c5c00000)
  object space 31744K, 65% used [0x00000000bb600000,0x00000000bca5bec8,0x00000000bd500000)
Event: 1463,876 GC heap after
Heap after GC invocations=7 (full 1):
 PSYoungGen      total 14336K, used 2023K [0x00000000ec900000, 0x00000000ee380000, 0x0000000100000000)
  eden space 12288K, 0% used [0x00000000ec900000,0x00000000ec900000,0x00000000ed500000)
  from space 2048K, 98% used [0x00000000eda80000,0x00000000edc79c80,0x00000000edc80000)
  to   space 5632K, 0% used [0x00000000ed500000,0x00000000ed500000,0x00000000eda80000)
 ParOldGen       total 39424K, used 5411K [0x00000000c5c00000, 0x00000000c8280000, 0x00000000ec900000)
  object space 39424K, 13% used [0x00000000c5c00000,0x00000000c6148c70,0x00000000c8280000)
 PSPermGen       total 31744K, used 20847K [0x00000000bb600000, 0x00000000bd500000, 0x00000000c5c00000)
  object space 31744K, 65% used [0x00000000bb600000,0x00000000bca5bec8,0x00000000bd500000)
}

